<?xml version="1.0" encoding="utf-8"?><testsuites><testsuite name="pytest" errors="0" failures="0" skipped="0" tests="5" time="0.025" timestamp="2023-11-27T18:12:34.696500" hostname="7560"><testcase classname="bugs.typing_related.pyright_bounds_typevar" name="test_slice" time="0.001" /><testcase classname="bugs.typing_related.pyright_bounds_typevar" name="test_window" time="0.000" /><testcase classname="bugs.typing_related.pyright_bounds_typevar" name="test_bounds" time="0.000" /><testcase classname="bugs.typing_related.pyright_bounds_typevar" name="test_masks" time="0.000" /><testcase classname="bugs.typing_related.pyright_bounds_typevar" name="test_unknown" time="0.000" /></testsuite></testsuites>