<?xml version="1.0" encoding="utf-8"?><testsuites><testsuite name="pytest" errors="0" failures="1" skipped="0" tests="1" time="2.313" timestamp="2024-05-10T18:07:11.332888" hostname="workstation"><testcase classname="src.tsdm.pprint" name="tsdm.pprint.repr_object" time="0.003"><failure message="180 Return a string representation of an object.&#10;181 &#10;182     Special casing for a bunch of cases.&#10;183 &#10;184     &gt;&gt;&gt; repr_object(1)&#10;185     '1'&#10;186     &gt;&gt;&gt; repr_object(3.14)&#10;Expected:&#10;    '3.14'&#10;Got:&#10;    'float()'&#10;&#10;/home/rscholz/Projects/KIWI/tsdm/src/tsdm/utils/pprint.py:186: DocTestFailure">180 Return a string representation of an object.
181
182     Special casing for a bunch of cases.
183
184     &gt;&gt;&gt; repr_object(1)
185     '1'
186     &gt;&gt;&gt; repr_object(3.14)
Expected:
    '3.14'
Got:
    'float()'

/home/rscholz/Projects/KIWI/tsdm/src/tsdm/utils/pprint.py:186: DocTestFailure</failure></testcase></testsuite></testsuites>
